<?xml version="1.0" encoding="UTF-8"?>
<!-- Generated by org.testng.reporters.JUnitXMLReporter -->
<testsuite hostname="krupa-HP-EliteBook-840-G3" ignored="1" name="Rest API" tests="5" failures="0" timestamp="16 Jul 2018 11:49:36 GMT" time="4.002" errors="0">
  <testcase name="postData" time="1.362" classname="tests.AddPlaceTestInXML"/>
  <testcase name="test" time="0.934" classname="tests.ParsingJsonResponseToExtractPlaceNames"/>
  <testcase name="addAndDeletePlace" time="0.372" classname="tests.DeletePlaceTest"/>
  <testcase name="postRequest" time="0.32" classname="tests.AddPlaceTest"/>
  <testcase name="validations" time="0.3" classname="tests.FirstSimpleTest"/>
  <testcase name="@BeforeTest init" time="0.0" classname="tests.BaseTest">
    <ignored/>
  </testcase> <!-- @BeforeTest init -->
</testsuite> <!-- Rest API -->
