<?xml version="1.0" encoding="UTF-8"?>
<testng-results skipped="0" failed="0" ignored="0" total="1" passed="1">
  <reporter-output>
  </reporter-output>
  <suite name="Default suite" duration-ms="1882" started-at="2018-07-02T10:15:34Z" finished-at="2018-07-02T10:15:36Z">
    <groups>
    </groups>
    <test name="Default test" duration-ms="1882" started-at="2018-07-02T10:15:34Z" finished-at="2018-07-02T10:15:36Z">
      <class name="AddPlaceTestInXML">
        <test-method status="PASS" signature="postData()[pri:0, instance:AddPlaceTestInXML@548e7350]" name="postData" duration-ms="1858" started-at="2018-07-02T10:15:34Z" finished-at="2018-07-02T10:15:36Z">
          <reporter-output>
          </reporter-output>
        </test-method> <!-- postData -->
      </class> <!-- AddPlaceTestInXML -->
    </test> <!-- Default test -->
  </suite> <!-- Default suite -->
</testng-results>
